<?xml version="1.0" encoding="UTF-8"?>
<robot generator="Robot 7.0 (Python 3.11.3 on win32)" generated="2024-08-23T14:56:18.964304" rpa="false" schemaversion="5">
<suite id="s1" name="RegisterTestcases" source="D:\ME\knowledge\QA\Class Project Robot\testcases\RegisterTestcases.robot">
<kw name="Open Browser" owner="SeleniumLibrary" type="SETUP">
<msg time="2024-08-23T14:56:19.168632" level="INFO">Opening browser 'chrome' to base url 'https://futureskill.co/'.</msg>
<arg>${baseUrl}</arg>
<arg>chrome</arg>
<doc>Opens a new browser instance to the optional ``url``.</doc>
<status status="PASS" start="2024-08-23T14:56:19.167637" elapsed="3.517088"/>
</kw>
<test id="s1-t1" name="As a user, I want to Register future skill platform" line="11">
<kw name="when user select button register to future skill platform" owner="RegisterKeywords">
<kw name="Wait until element is ready then click element" owner="CommonKeywords">
<kw name="Wait Until Keyword Succeeds" owner="BuiltIn">
<kw name="Click Element" owner="SeleniumLibrary">
<msg time="2024-08-23T14:56:22.687726" level="INFO">Clicking element 'xpath=//button[text()="สมัครสมาชิก"]'.</msg>
<msg time="2024-08-23T14:56:22.986753" level="INFO" html="true">&lt;/td&gt;&lt;/tr&gt;&lt;tr&gt;&lt;td colspan="3"&gt;&lt;a href="selenium-screenshot-20.png"&gt;&lt;img src="selenium-screenshot-20.png" width="800px"&gt;&lt;/a&gt;</msg>
<msg time="2024-08-23T14:56:22.986753" level="FAIL">Element with locator 'xpath=//button[text()="สมัครสมาชิก"]' not found.</msg>
<arg>${locator}</arg>
<doc>Click the element identified by ``locator``.</doc>
<status status="FAIL" start="2024-08-23T14:56:22.686726" elapsed="0.308028">Element with locator 'xpath=//button[text()="สมัครสมาชิก"]' not found.</status>
</kw>
<kw name="Click Element" owner="SeleniumLibrary">
<msg time="2024-08-23T14:56:24.996919" level="INFO">Clicking element 'xpath=//button[text()="สมัครสมาชิก"]'.</msg>
<arg>${locator}</arg>
<doc>Click the element identified by ``locator``.</doc>
<status status="PASS" start="2024-08-23T14:56:24.995965" elapsed="0.743580"/>
</kw>
<arg>5x</arg>
<arg>2s</arg>
<arg>Click Element</arg>
<arg>${locator}</arg>
<doc>Runs the specified keyword and retries if it fails.</doc>
<status status="PASS" start="2024-08-23T14:56:22.686726" elapsed="3.052819"/>
</kw>
<arg>xpath=//button[text()="สมัครสมาชิก"]</arg>
<status status="PASS" start="2024-08-23T14:56:22.686726" elapsed="3.052819"/>
</kw>
<status status="PASS" start="2024-08-23T14:56:22.686726" elapsed="3.052819"/>
</kw>
<kw name="Then future skill should display home page and display message as &quot;สมัครสมาชิกกับเราวันนี้&quot;" owner="HomePageKeywords" source_name="future skill should display home page and display message as &quot;${expected_message}&quot;">
<kw name="Wait until page contains element then verify text" owner="CommonKeywords">
<kw name="Wait Until Keyword Succeeds" owner="BuiltIn">
<kw name="Page Should Contain" owner="SeleniumLibrary">
<msg time="2024-08-23T14:56:25.878546" level="INFO">Current page contains text 'สมัครสมาชิกกับเราวันนี้'.</msg>
<arg>${expected_text}</arg>
<doc>Verifies that current page contains ``text``.</doc>
<status status="PASS" start="2024-08-23T14:56:25.741545" elapsed="0.137001"/>
</kw>
<arg>5x</arg>
<arg>2s</arg>
<arg>Page Should Contain</arg>
<arg>${expected_text}</arg>
<doc>Runs the specified keyword and retries if it fails.</doc>
<status status="PASS" start="2024-08-23T14:56:25.741545" elapsed="0.137001"/>
</kw>
<arg>${expected_message}</arg>
<status status="PASS" start="2024-08-23T14:56:25.740545" elapsed="0.138001"/>
</kw>
<status status="PASS" start="2024-08-23T14:56:25.740545" elapsed="0.138001"/>
</kw>
<status status="PASS" start="2024-08-23T14:56:22.685726" elapsed="3.193818"/>
</test>
<test id="s1-t2" name="As a user, I register from" line="14">
<kw name="when user register from" owner="RegisterKeywords">
<kw name="Wait until element is ready then input text" owner="CommonKeywords">
<kw name="Wait Until Keyword Succeeds" owner="BuiltIn">
<kw name="Input Text" owner="SeleniumLibrary">
<msg time="2024-08-23T14:56:25.881545" level="INFO">Typing text 'baifernspr15@gmail.com' into text field 'name=email'.</msg>
<arg>${locator}</arg>
<arg>${text}</arg>
<doc>Types the given ``text`` into the text field identified by ``locator``.</doc>
<status status="PASS" start="2024-08-23T14:56:25.881545" elapsed="0.241000"/>
</kw>
<arg>5x</arg>
<arg>2s</arg>
<arg>Input Text</arg>
<arg>${locator}</arg>
<arg>${text}</arg>
<doc>Runs the specified keyword and retries if it fails.</doc>
<status status="PASS" start="2024-08-23T14:56:25.881545" elapsed="0.241000"/>
</kw>
<arg>name=email</arg>
<arg>${registerEmail}</arg>
<status status="PASS" start="2024-08-23T14:56:25.881545" elapsed="0.241000"/>
</kw>
<kw name="Wait until element is ready then input text" owner="CommonKeywords">
<kw name="Wait Until Keyword Succeeds" owner="BuiltIn">
<kw name="Input Text" owner="SeleniumLibrary">
<msg time="2024-08-23T14:56:26.123544" level="INFO">Typing text 'suparat' into text field 'name=firstName'.</msg>
<arg>${locator}</arg>
<arg>${text}</arg>
<doc>Types the given ``text`` into the text field identified by ``locator``.</doc>
<status status="PASS" start="2024-08-23T14:56:26.123544" elapsed="0.068001"/>
</kw>
<arg>5x</arg>
<arg>2s</arg>
<arg>Input Text</arg>
<arg>${locator}</arg>
<arg>${text}</arg>
<doc>Runs the specified keyword and retries if it fails.</doc>
<status status="PASS" start="2024-08-23T14:56:26.122545" elapsed="0.069000"/>
</kw>
<arg>name=firstName</arg>
<arg>${firstName}</arg>
<status status="PASS" start="2024-08-23T14:56:26.122545" elapsed="0.069000"/>
</kw>
<kw name="Wait until element is ready then input text" owner="CommonKeywords">
<kw name="Wait Until Keyword Succeeds" owner="BuiltIn">
<kw name="Input Text" owner="SeleniumLibrary">
<msg time="2024-08-23T14:56:26.192545" level="INFO">Typing text 'tapthong' into text field 'name=lastName'.</msg>
<arg>${locator}</arg>
<arg>${text}</arg>
<doc>Types the given ``text`` into the text field identified by ``locator``.</doc>
<status status="PASS" start="2024-08-23T14:56:26.192545" elapsed="0.072000"/>
</kw>
<arg>5x</arg>
<arg>2s</arg>
<arg>Input Text</arg>
<arg>${locator}</arg>
<arg>${text}</arg>
<doc>Runs the specified keyword and retries if it fails.</doc>
<status status="PASS" start="2024-08-23T14:56:26.192545" elapsed="0.073000"/>
</kw>
<arg>name=lastName</arg>
<arg>${lastName}</arg>
<status status="PASS" start="2024-08-23T14:56:26.192545" elapsed="0.073000"/>
</kw>
<kw name="Wait until element is ready then input text" owner="CommonKeywords">
<kw name="Wait Until Keyword Succeeds" owner="BuiltIn">
<kw name="Input Text" owner="SeleniumLibrary">
<msg time="2024-08-23T14:56:26.265545" level="INFO">Typing text '0899999999' into text field 'name=phoneNumber'.</msg>
<arg>${locator}</arg>
<arg>${text}</arg>
<doc>Types the given ``text`` into the text field identified by ``locator``.</doc>
<status status="PASS" start="2024-08-23T14:56:26.265545" elapsed="0.074002"/>
</kw>
<arg>5x</arg>
<arg>2s</arg>
<arg>Input Text</arg>
<arg>${locator}</arg>
<arg>${text}</arg>
<doc>Runs the specified keyword and retries if it fails.</doc>
<status status="PASS" start="2024-08-23T14:56:26.265545" elapsed="0.074002"/>
</kw>
<arg>name=phoneNumber</arg>
<arg>${phoneNumber}</arg>
<status status="PASS" start="2024-08-23T14:56:26.265545" elapsed="0.074002"/>
</kw>
<kw name="Wait until element is ready then input text" owner="CommonKeywords">
<kw name="Wait Until Keyword Succeeds" owner="BuiltIn">
<kw name="Input Text" owner="SeleniumLibrary">
<msg time="2024-08-23T14:56:26.340545" level="INFO">Typing text 'Password123!' into text field 'name=newPassword'.</msg>
<arg>${locator}</arg>
<arg>${text}</arg>
<doc>Types the given ``text`` into the text field identified by ``locator``.</doc>
<status status="PASS" start="2024-08-23T14:56:26.340545" elapsed="0.067218"/>
</kw>
<arg>5x</arg>
<arg>2s</arg>
<arg>Input Text</arg>
<arg>${locator}</arg>
<arg>${text}</arg>
<doc>Runs the specified keyword and retries if it fails.</doc>
<status status="PASS" start="2024-08-23T14:56:26.340545" elapsed="0.068224"/>
</kw>
<arg>name=newPassword</arg>
<arg>${newPassword}</arg>
<status status="PASS" start="2024-08-23T14:56:26.339547" elapsed="0.069222"/>
</kw>
<kw name="Wait until element is ready then input text" owner="CommonKeywords">
<kw name="Wait Until Keyword Succeeds" owner="BuiltIn">
<kw name="Input Text" owner="SeleniumLibrary">
<msg time="2024-08-23T14:56:26.410771" level="INFO">Typing text 'Password123!' into text field 'name=confirmPassword'.</msg>
<arg>${locator}</arg>
<arg>${text}</arg>
<doc>Types the given ``text`` into the text field identified by ``locator``.</doc>
<status status="PASS" start="2024-08-23T14:56:26.409764" elapsed="0.071046"/>
</kw>
<arg>5x</arg>
<arg>2s</arg>
<arg>Input Text</arg>
<arg>${locator}</arg>
<arg>${text}</arg>
<doc>Runs the specified keyword and retries if it fails.</doc>
<status status="PASS" start="2024-08-23T14:56:26.409764" elapsed="0.072042"/>
</kw>
<arg>name=confirmPassword</arg>
<arg>${confirmPassword}</arg>
<status status="PASS" start="2024-08-23T14:56:26.409764" elapsed="0.072042"/>
</kw>
<kw name="Wait until element is ready then select Checkbox" owner="CommonKeywords">
<kw name="Wait Until Keyword Succeeds" owner="BuiltIn">
<kw name="Select Checkbox" owner="SeleniumLibrary">
<msg time="2024-08-23T14:56:26.481806" level="INFO">Selecting checkbox 'name=consent'.</msg>
<arg>${locator}</arg>
<doc>Selects the checkbox identified by ``locator``.</doc>
<status status="PASS" start="2024-08-23T14:56:26.481806" elapsed="0.076004"/>
</kw>
<arg>5x</arg>
<arg>2s</arg>
<arg>select Checkbox</arg>
<arg>${locator}</arg>
<doc>Runs the specified keyword and retries if it fails.</doc>
<status status="PASS" start="2024-08-23T14:56:26.481806" elapsed="0.076004"/>
</kw>
<arg>name=consent</arg>
<status status="PASS" start="2024-08-23T14:56:26.481806" elapsed="0.076004"/>
</kw>
<kw name="Wait until element is ready then click element" owner="CommonKeywords">
<kw name="Wait Until Keyword Succeeds" owner="BuiltIn">
<kw name="Click Element" owner="SeleniumLibrary">
<msg time="2024-08-23T14:56:26.559806" level="INFO">Clicking element 'xpath=//button[@type="submit" and text()="สมัครสมาชิก"]'.</msg>
<arg>${locator}</arg>
<doc>Click the element identified by ``locator``.</doc>
<status status="PASS" start="2024-08-23T14:56:26.559806" elapsed="0.083003"/>
</kw>
<arg>5x</arg>
<arg>2s</arg>
<arg>Click Element</arg>
<arg>${locator}</arg>
<doc>Runs the specified keyword and retries if it fails.</doc>
<status status="PASS" start="2024-08-23T14:56:26.559806" elapsed="0.083003"/>
</kw>
<arg>xpath=//button[@type="submit" and text()="สมัครสมาชิก"]</arg>
<status status="PASS" start="2024-08-23T14:56:26.558817" elapsed="0.083992"/>
</kw>
<status status="PASS" start="2024-08-23T14:56:25.880544" elapsed="0.762265"/>
</kw>
<kw name="Then future skill should display OTP and display message as &quot;ระบบได้ส่งรหัส OTP ไปยังเบอร์โทรศัพท์&quot;" owner="HomePageKeywords" source_name="future skill should display OTP and display message as &quot;${expected_message}&quot;">
<kw name="Wait until page contains element then verify text" owner="CommonKeywords">
<kw name="Wait Until Keyword Succeeds" owner="BuiltIn">
<kw name="Page Should Contain" owner="SeleniumLibrary">
<msg time="2024-08-23T14:56:26.815119" level="INFO" html="true">&lt;/td&gt;&lt;/tr&gt;&lt;tr&gt;&lt;td colspan="3"&gt;&lt;a href="selenium-screenshot-21.png"&gt;&lt;img src="selenium-screenshot-21.png" width="800px"&gt;&lt;/a&gt;</msg>
<msg time="2024-08-23T14:56:26.815119" level="FAIL">StaleElementReferenceException: Message: stale element reference: stale element not found in the current frame
  (Session info: chrome=127.0.6533.89); For documentation on this error, please visit: https://www.selenium.dev/documentation/webdriver/troubleshooting/errors#stale-element-reference-exception
Stacktrace:
	GetHandleVerifier [0x00007FF713429642+30946]
	(No symbol) [0x00007FF7133DE3D9]
	(No symbol) [0x00007FF7132D6FDA]
	(No symbol) [0x00007FF7132DDA57]
	(No symbol) [0x00007FF7132DFD31]
	(No symbol) [0x00007FF7132DFDD0]
	(No symbol) [0x00007FF71332A714]
	(No symbol) [0x00007FF71336CCBF]
	(No symbol) [0x00007FF71334CA6A]
	(No symbol) [0x00007FF71336B041]
	(No symbol) [0x00007FF71334C813]
	(No symbol) [0x00007FF71331A6E5]
	(No symbol) [0x00007FF71331B021]
	GetHandleVerifier [0x00007FF71355F84D+1301229]
	GetHandleVerifier [0x00007FF71356BDC7+1351783]
	GetHandleVerifier [0x00007FF713562A13+1313971]
	GetHandleVerifier [0x00007FF71345DD16+245686]
	(No symbol) [0x00007FF7133E759F]
	(No symbol) [0x00007FF7133E3814]
	(No symbol) [0x00007FF7133E39A2]
	(No symbol) [0x00007FF7133DA3FF]
	BaseThreadInitThunk [0x00007FF810677374+20]
	RtlUserThreadStart [0x00007FF8117BCC91+33]
</msg>
<arg>${expected_text}</arg>
<doc>Verifies that current page contains ``text``.</doc>
<status status="FAIL" start="2024-08-23T14:56:26.644809" elapsed="0.173309">StaleElementReferenceException: Message: stale element reference: stale element not found in the current frame
  (Session info: chrome=127.0.6533.89); For documentation on this error, please visit: https://www.selenium.dev/documentation/webdriver/troubleshooting/errors#stale-element-reference-exception
Stacktrace:
	GetHandleVerifier [0x00007FF713429642+30946]
	(No symbol) [0x00007FF7133DE3D9]
	(No symbol) [0x00007FF7132D6FDA]
	(No symbol) [0x00007FF7132DDA57]
	(No symbol) [0x00007FF7132DFD31]
	(No symbol) [0x00007FF7132DFDD0]
	(No symbol) [0x00007FF71332A714]
	(No symbol) [0x00007FF71336CCBF]
	(No symbol) [0x00007FF71334CA6A]
	(No symbol) [0x00007FF71336B041]
	(No symbol) [0x00007FF71334C813]
	(No symbol) [0x00007FF71331A6E5]
	(No symbol) [0x00007FF71331B021]
	GetHandleVerifier [0x00007FF71355F84D+1301229]
	GetHandleVerifier [0x00007FF71356BDC7+1351783]
	GetHandleVerifier [0x00007FF713562A13+1313971]
	GetHandleVerifier [0x00007FF71345DD16+245686]
	(No symbol) [0x00007FF7133E759F]
	(No symbol) [0x00007FF7133E3814]
	(No symbol) [0x00007FF7133E39A2]
	(No symbol) [0x00007FF7133DA3FF]
	BaseThreadInitThunk [0x00007FF810677374+20]
	RtlUserThreadStart [0x00007FF8117BCC91+33]
</status>
</kw>
<kw name="Page Should Contain" owner="SeleniumLibrary">
<msg time="2024-08-23T14:56:28.835305" level="INFO">Current page contains text 'ระบบได้ส่งรหัส OTP ไปยังเบอร์โทรศัพท์'.</msg>
<arg>${expected_text}</arg>
<doc>Verifies that current page contains ``text``.</doc>
<status status="PASS" start="2024-08-23T14:56:28.818685" elapsed="0.016620"/>
</kw>
<arg>5x</arg>
<arg>2s</arg>
<arg>Page Should Contain</arg>
<arg>${expected_text}</arg>
<doc>Runs the specified keyword and retries if it fails.</doc>
<status status="PASS" start="2024-08-23T14:56:26.644809" elapsed="2.190496"/>
</kw>
<arg>${expected_message}</arg>
<status status="PASS" start="2024-08-23T14:56:26.643810" elapsed="2.191495"/>
</kw>
<status status="PASS" start="2024-08-23T14:56:26.643810" elapsed="2.191495"/>
</kw>
<status status="PASS" start="2024-08-23T14:56:25.880544" elapsed="2.954761"/>
</test>
<kw name="Close Browser" owner="SeleniumLibrary" type="TEARDOWN">
<doc>Closes the current browser.</doc>
<status status="PASS" start="2024-08-23T14:56:28.836305" elapsed="2.177882"/>
</kw>
<status status="PASS" start="2024-08-23T14:56:18.965317" elapsed="12.049844"/>
</suite>
<statistics>
<total>
<stat pass="2" fail="0" skip="0">All Tests</stat>
</total>
<tag>
</tag>
<suite>
<stat pass="2" fail="0" skip="0" id="s1" name="RegisterTestcases">RegisterTestcases</stat>
</suite>
</statistics>
<errors>
</errors>
</robot>
